<?xml version="1.0" encoding="UTF-8"?>
<testsuite name="UrlShortenerService.search" tests="2" skipped="0" failures="0" errors="0" timestamp="2021-05-31T13:11:38" hostname="Nialls-MacBook-Pro.local" time="0.007">
  <properties/>
  <testcase name="should return the url shortener entry()" classname="org.nmccarra1.url.shortener.services.UrlMappingsServiceTest$SearchUrlShortenerEntries" time="0.005"/>
  <testcase name="should return null()" classname="org.nmccarra1.url.shortener.services.UrlMappingsServiceTest$SearchUrlShortenerEntries" time="0.002"/>
  <system-out><![CDATA[]]></system-out>
  <system-err><![CDATA[]]></system-err>
</testsuite>
