<?xml version="1.0" encoding="UTF-8"?>
<testsuite name="/v1/shortened/{id}" tests="2" skipped="0" failures="0" errors="0" timestamp="2021-05-31T13:11:36" hostname="Nialls-MacBook-Pro.local" time="1.596">
  <properties/>
  <testcase name="should redirect request to the corresponding url()" classname="org.nmccarra1.url.shortener.routes.UrlShortenerTest$GetUrlFromId" time="1.497"/>
  <testcase name="should return Not Found when ID doesn't exist()" classname="org.nmccarra1.url.shortener.routes.UrlShortenerTest$GetUrlFromId" time="0.097"/>
  <system-out><![CDATA[{"timestamp":"2021-05-31T13:11:37.444Z","level":"WARN","thread":"Test worker","logger":"io.mockk.proxy.jvm.transformation.InliningClassTransformer","message":"Failed to transform class java/lang/Object","context":"default","exception":"java.lang.IllegalArgumentException: Unsupported class file major version 59\n\tat net.bytebuddy.jar.asm.ClassReader.<init>(ClassReader.java:184)\n\tat net.bytebuddy.jar.asm.ClassReader.<init>(ClassReader.java:166)\n\tat net.bytebuddy.jar.asm.ClassReader.<init>(ClassReader.java:152)\n\tat net.bytebuddy.utility.OpenedClassReader.of(OpenedClassReader.java:82)\n\tat net.bytebuddy.dynamic.scaffold.TypeWriter$Default$ForInlining.create(TypeWriter.java:3390)\n\tat net.bytebuddy.dynamic.scaffold.TypeWriter$Default.make(TypeWriter.java:1930)\n\tat net.bytebuddy.dynamic.scaffold.inline.RedefinitionDynamicTypeBuilder.make(RedefinitionDynamicTypeBuilder.java:217)\n\tat net.bytebuddy.dynamic.scaffold.inline.AbstractInliningDynamicTypeBuilder.make(AbstractInliningDynamicTypeBuilder.java:120)\n\tat net.bytebuddy.dynamic.DynamicType$Builder$AbstractBase.make(DynamicType.java:3396)\n\tat io.mockk.proxy.jvm.transformation.InliningClassTransformer.transform(InliningClassTransformer.kt:77)\n\tat java.instrument/java.lang.instrument.ClassFileTransformer.transform(ClassFileTransformer.java:246)\n\tat java.instrument/sun.instrument.TransformerManager.transform(TransformerManager.java:188)\n\tat java.instrument/sun.instrument.InstrumentationImpl.transform(InstrumentationImpl.java:563)\n\tat java.instrument/sun.instrument.InstrumentationImpl.retransformClasses0(Native Method)\n\tat java.instrument/sun.instrument.InstrumentationImpl.retransformClasses(InstrumentationImpl.java:167)\n\tat io.mockk.proxy.jvm.transformation.JvmInlineInstrumentation.retransform(JvmInlineInstrumentation.kt:28)\n\tat io.mockk.proxy.common.transformation.RetransformInlineInstrumnetation$execute$1.invoke(RetransformInlineInstrumnetation.kt:19)\n\tat io.mockk.proxy.common.transformation.RetransformInlineInstrumnetation$execute$1.invoke(RetransformInlineInstrumnetation.kt:6)\n\tat io.mockk.proxy.common.transformation.ClassTransformationSpecMap.applyTransformation(ClassTransformationSpecMap.kt:41)\n\tat io.mockk.proxy.common.transformation.RetransformInlineInstrumnetation.execute(RetransformInlineInstrumnetation.kt:16)\n\tat io.mockk.proxy.jvm.ProxyMaker.inline(ProxyMaker.kt:88)\n\tat io.mockk.proxy.jvm.ProxyMaker.proxy(ProxyMaker.kt:30)\n\tat io.mockk.impl.instantiation.JvmMockFactory.newProxy(JvmMockFactory.kt:34)\n\tat io.mockk.impl.instantiation.AbstractMockFactory.newProxy$default(AbstractMockFactory.kt:29)\n\tat io.mockk.impl.instantiation.AbstractMockFactory.mockk(AbstractMockFactory.kt:59)\n\tat org.nmccarra1.url.shortener.TestModuleKt.<clinit>(TestModule.kt:51)\n\tat org.nmccarra1.url.shortener.routes.UrlShortenerTest$GetUrlFromId.should redirect request to the corresponding url(UrlShortenerTest.kt:48)\n\tat java.base/jdk.internal.reflect.NativeMethodAccessorImpl.invoke0(Native Method)\n\tat java.base/jdk.internal.reflect.NativeMethodAccessorImpl.invoke(NativeMethodAccessorImpl.java:64)\n\tat java.base/jdk.internal.reflect.DelegatingMethodAccessorImpl.invoke(DelegatingMethodAccessorImpl.java:43)\n\tat java.base/java.lang.reflect.Method.invoke(Method.java:564)\n\tat org.junit.platform.commons.util.ReflectionUtils.invokeMethod(ReflectionUtils.java:686)\n\tat org.junit.jupiter.engine.execution.MethodInvocation.proceed(MethodInvocation.java:60)\n\tat org.junit.jupiter.engine.execution.InvocationInterceptorChain$ValidatingInvocation.proceed(InvocationInterceptorChain.java:131)\n\tat org.junit.jupiter.engine.extension.TimeoutExtension.intercept(TimeoutExtension.java:149)\n\tat org.junit.jupiter.engine.extension.TimeoutExtension.interceptTestableMethod(TimeoutExtension.java:140)\n\tat org.junit.jupiter.engine.extension.TimeoutExtension.interceptTestMethod(TimeoutExtension.java:84)\n\tat org.junit.jupiter.engine.execution.ExecutableInvoker$ReflectiveInterceptorCall.lambda$ofVoidMethod$0(ExecutableInvoker.java:115)\n\tat org.junit.jupiter.engine.execution.ExecutableInvoker.lambda$invoke$0(ExecutableInvoker.java:105)\n\tat org.junit.jupiter.engine.execution.InvocationInterceptorChain$InterceptedInvocation.proceed(InvocationInterceptorChain.java:106)\n\tat org.junit.jupiter.engine.execution.InvocationInterceptorChain.proceed(InvocationInterceptorChain.java:64)\n\tat org.junit.jupiter.engine.execution.InvocationInterceptorChain.chainAndInvoke(InvocationInterceptorChain.java:45)\n\tat org.junit.jupiter.engine.execution.InvocationInterceptorChain.invoke(InvocationInterceptorChain.java:37)\n\tat org.junit.jupiter.engine.execution.ExecutableInvoker.invoke(ExecutableInvoker.java:104)\n\tat org.junit.jupiter.engine.execution.ExecutableInvoker.invoke(ExecutableInvoker.java:98)\n\tat org.junit.jupiter.engine.descriptor.TestMethodTestDescriptor.lambda$invokeTestMethod$6(TestMethodTestDescriptor.java:205)\n\tat org.junit.platform.engine.support.hierarchical.ThrowableCollector.execute(ThrowableCollector.java:73)\n\tat org.junit.jupiter.engine.descriptor.TestMethodTestDescriptor.invokeTestMethod(TestMethodTestDescriptor.java:201)\n\tat org.junit.jupiter.engine.descriptor.TestMethodTestDescriptor.execute(TestMethodTestDescriptor.java:137)\n\tat org.junit.jupiter.engine.descriptor.TestMethodTestDescriptor.execute(TestMethodTestDescriptor.java:71)\n\tat org.junit.platform.engine.support.hierarchical.NodeTestTask.lambda$executeRecursively$5(NodeTestTask.java:135)\n\tat org.junit.platform.engine.support.hierarchical.ThrowableCollector.execute(ThrowableCollector.java:73)\n\tat org.junit.platform.engine.support.hierarchical.NodeTestTask.lambda$executeRecursively$7(NodeTestTask.java:125)\n\tat org.junit.platform.engine.support.hierarchical.Node.around(Node.java:135)\n\tat org.junit.platform.engine.support.hierarchical.NodeTestTask.lambda$executeRecursively$8(NodeTestTask.java:123)\n\tat org.junit.platform.engine.support.hierarchical.ThrowableCollector.execute(ThrowableCollector.java:73)\n\tat org.junit.platform.engine.support.hierarchical.NodeTestTask.executeRecursively(NodeTestTask.java:122)\n\tat org.junit.platform.engine.support.hierarchical.NodeTestTask.execute(NodeTestTask.java:80)\n\tat java.base/java.util.ArrayList.forEach(ArrayList.java:1511)\n\tat org.junit.platform.engine.support.hierarchical.SameThreadHierarchicalTestExecutorService.invokeAll(SameThreadHierarchicalTestExecutorService.java:38)\n\tat org.junit.platform.engine.support.hierarchical.NodeTestTask.lambda$executeRecursively$5(NodeTestTask.java:139)\n\tat org.junit.platform.engine.support.hierarchical.ThrowableCollector.execute(ThrowableCollector.java:73)\n\tat org.junit.platform.engine.support.hierarchical.NodeTestTask.lambda$executeRecursively$7(NodeTestTask.java:125)\n\tat org.junit.platform.engine.support.hierarchical.Node.around(Node.java:135)\n\tat org.junit.platform.engine.support.hierarchical.NodeTestTask.lambda$executeRecursively$8(NodeTestTask.java:123)\n\tat org.junit.platform.engine.support.hierarchical.ThrowableCollector.execute(ThrowableCollector.java:73)\n\tat org.junit.platform.engine.support.hierarchical.NodeTestTask.executeRecursively(NodeTestTask.java:122)\n\tat org.junit.platform.engine.support.hierarchical.NodeTestTask.execute(NodeTestTask.java:80)\n\tat java.base/java.util.ArrayList.forEach(ArrayList.java:1511)\n\tat org.junit.platform.engine.support.hierarchical.SameThreadHierarchicalTestExecutorService.invokeAll(SameThreadHierarchicalTestExecutorService.java:38)\n\tat org.junit.platform.engine.support.hierarchical.NodeTestTask.lambda$executeRecursively$5(NodeTestTask.java:139)\n\tat org.junit.platform.engine.support.hierarchical.ThrowableCollector.execute(ThrowableCollector.java:73)\n\tat org.junit.platform.engine.support.hierarchical.NodeTestTask.lambda$executeRecursively$7(NodeTestTask.java:125)\n\tat org.junit.platform.engine.support.hierarchical.Node.around(Node.java:135)\n\tat org.junit.platform.engine.support.hierarchical.NodeTestTask.lambda$executeRecursively$8(NodeTestTask.java:123)\n\tat org.junit.platform.engine.support.hierarchical.ThrowableCollector.execute(ThrowableCollector.java:73)\n\tat org.junit.platform.engine.support.hierarchical.NodeTestTask.executeRecursively(NodeTestTask.java:122)\n\tat org.junit.platform.engine.support.hierarchical.NodeTestTask.execute(NodeTestTask.java:80)\n\tat java.base/java.util.ArrayList.forEach(ArrayList.java:1511)\n\tat org.junit.platform.engine.support.hierarchical.SameThreadHierarchicalTestExecutorService.invokeAll(SameThreadHierarchicalTestExecutorService.java:38)\n\tat org.junit.platform.engine.support.hierarchical.NodeTestTask.lambda$executeRecursively$5(NodeTestTask.java:139)\n\tat org.junit.platform.engine.support.hierarchical.ThrowableCollector.execute(ThrowableCollector.java:73)\n\tat org.junit.platform.engine.support.hierarchical.NodeTestTask.lambda$executeRecursively$7(NodeTestTask.java:125)\n\tat org.junit.platform.engine.support.hierarchical.Node.around(Node.java:135)\n\tat org.junit.platform.engine.support.hierarchical.NodeTestTask.lambda$executeRecursively$8(NodeTestTask.java:123)\n\tat org.junit.platform.engine.support.hierarchical.ThrowableCollector.execute(ThrowableCollector.java:73)\n\tat org.junit.platform.engine.support.hierarchical.NodeTestTask.executeRecursively(NodeTestTask.java:122)\n\tat org.junit.platform.engine.support.hierarchical.NodeTestTask.execute(NodeTestTask.java:80)\n\tat org.junit.platform.engine.support.hierarchical.SameThreadHierarchicalTestExecutorService.submit(SameThreadHierarchicalTestExecutorService.java:32)\n\tat org.junit.platform.engine.support.hierarchical.HierarchicalTestExecutor.execute(HierarchicalTestExecutor.java:57)\n\tat org.junit.platform.engine.support.hierarchical.HierarchicalTestEngine.execute(HierarchicalTestEngine.java:51)\n\tat org.junit.platform.launcher.core.EngineExecutionOrchestrator.execute(EngineExecutionOrchestrator.java:108)\n\tat org.junit.platform.launcher.core.EngineExecutionOrchestrator.execute(EngineExecutionOrchestrator.java:88)\n\tat org.junit.platform.launcher.core.EngineExecutionOrchestrator.lambda$execute$0(EngineExecutionOrchestrator.java:54)\n\tat org.junit.platform.launcher.core.EngineExecutionOrchestrator.withInterceptedStreams(EngineExecutionOrchestrator.java:67)\n\tat org.junit.platform.launcher.core.EngineExecutionOrchestrator.execute(EngineExecutionOrchestrator.java:52)\n\tat org.junit.platform.launcher.core.DefaultLauncher.execute(DefaultLauncher.java:96)\n\tat org.junit.platform.launcher.core.DefaultLauncher.execute(DefaultLauncher.java:75)\n\tat org.gradle.api.internal.tasks.testing.junitplatform.JUnitPlatformTestClassProcessor$CollectAllTestClassesExecutor.processAllTestClasses(JUnitPlatformTestClassProcessor.java:99)\n\tat org.gradle.api.internal.tasks.testing.junitplatform.JUnitPlatformTestClassProcessor$CollectAllTestClassesExecutor.access$000(JUnitPlatformTestClassProcessor.java:79)\n\tat org.gradle.api.internal.tasks.testing.junitplatform.JUnitPlatformTestClassProcessor.stop(JUnitPlatformTestClassProcessor.java:75)\n\tat org.gradle.api.internal.tasks.testing.SuiteTestClassProcessor.stop(SuiteTestClassProcessor.java:61)\n\tat java.base/jdk.internal.reflect.NativeMethodAccessorImpl.invoke0(Native Method)\n\tat java.base/jdk.internal.reflect.NativeMethodAccessorImpl.invoke(NativeMethodAccessorImpl.java:64)\n\tat java.base/jdk.internal.reflect.DelegatingMethodAccessorImpl.invoke(DelegatingMethodAccessorImpl.java:43)\n\tat java.base/java.lang.reflect.Method.invoke(Method.java:564)\n\tat org.gradle.internal.dispatch.ReflectionDispatch.dispatch(ReflectionDispatch.java:36)\n\tat org.gradle.internal.dispatch.ReflectionDispatch.dispatch(ReflectionDispatch.java:24)\n\tat org.gradle.internal.dispatch.ContextClassLoaderDispatch.dispatch(ContextClassLoaderDispatch.java:33)\n\tat org.gradle.internal.dispatch.ProxyDispatchAdapter$DispatchingInvocationHandler.invoke(ProxyDispatchAdapter.java:94)\n\tat com.sun.proxy.$Proxy2.stop(Unknown Source)\n\tat org.gradle.api.internal.tasks.testing.worker.TestWorker.stop(TestWorker.java:133)\n\tat java.base/jdk.internal.reflect.NativeMethodAccessorImpl.invoke0(Native Method)\n\tat java.base/jdk.internal.reflect.NativeMethodAccessorImpl.invoke(NativeMethodAccessorImpl.java:64)\n\tat java.base/jdk.internal.reflect.DelegatingMethodAccessorImpl.invoke(DelegatingMethodAccessorImpl.java:43)\n\tat java.base/java.lang.reflect.Method.invoke(Method.java:564)\n\tat org.gradle.internal.dispatch.ReflectionDispatch.dispatch(ReflectionDispatch.java:36)\n\tat org.gradle.internal.dispatch.ReflectionDispatch.dispatch(ReflectionDispatch.java:24)\n\tat org.gradle.internal.remote.internal.hub.MessageHubBackedObjectConnection$DispatchWrapper.dispatch(MessageHubBackedObjectConnection.java:182)\n\tat org.gradle.internal.remote.internal.hub.MessageHubBackedObjectConnection$DispatchWrapper.dispatch(MessageHubBackedObjectConnection.java:164)\n\tat org.gradle.internal.remote.internal.hub.MessageHub$Handler.run(MessageHub.java:414)\n\tat org.gradle.internal.concurrent.ExecutorPolicy$CatchAndRecordFailures.onExecute(ExecutorPolicy.java:64)\n\tat org.gradle.internal.concurrent.ManagedExecutorImpl$1.run(ManagedExecutorImpl.java:48)\n\tat java.base/java.util.concurrent.ThreadPoolExecutor.runWorker(ThreadPoolExecutor.java:1130)\n\tat java.base/java.util.concurrent.ThreadPoolExecutor$Worker.run(ThreadPoolExecutor.java:630)\n\tat org.gradle.internal.concurrent.ThreadFactoryImpl$ManagedThreadRunnable.run(ThreadFactoryImpl.java:56)\n\tat java.base/java.lang.Thread.run(Thread.java:832)\n","appVersion":"MISSING_APP_VERSION"}
{"timestamp":"2021-05-31T13:11:37.550Z","level":"INFO","thread":"Test worker","logger":"ktor.test","message":"No ktor.deployment.watch patterns specified, automatic reload is not active","context":"default","appVersion":"MISSING_APP_VERSION"}
{"timestamp":"2021-05-31T13:11:37.912Z","level":"INFO","thread":"Test worker","logger":"com.zaxxer.hikari.HikariDataSource","message":"HikariPool-2 - Starting...","context":"default","appVersion":"MISSING_APP_VERSION"}
{"timestamp":"2021-05-31T13:11:37.913Z","level":"INFO","thread":"Test worker","logger":"com.zaxxer.hikari.HikariDataSource","message":"HikariPool-2 - Start completed.","context":"default","appVersion":"MISSING_APP_VERSION"}
{"timestamp":"2021-05-31T13:11:38.317Z","level":"INFO","thread":"DefaultDispatcher-worker-1 @request#2","logger":"ktor.test","message":"302 Found: GET - /v1/shortened/xdef45 -> https://bandcamp.com/fraktalscrng","context":"default","appVersion":"MISSING_APP_VERSION"}
{"timestamp":"2021-05-31T13:11:38.327Z","level":"INFO","thread":"Test worker","logger":"ktor.test","message":"Application stopping: io.ktor.application.Application@7e8e4d8d","context":"default","appVersion":"MISSING_APP_VERSION"}
{"timestamp":"2021-05-31T13:11:38.328Z","level":"INFO","thread":"Test worker","logger":"ktor.test","message":"Application stopped: io.ktor.application.Application@7e8e4d8d","context":"default","appVersion":"MISSING_APP_VERSION"}
{"timestamp":"2021-05-31T13:11:38.338Z","level":"INFO","thread":"Test worker","logger":"ktor.test","message":"No ktor.deployment.watch patterns specified, automatic reload is not active","context":"default","appVersion":"MISSING_APP_VERSION"}
{"timestamp":"2021-05-31T13:11:38.343Z","level":"INFO","thread":"Test worker","logger":"com.zaxxer.hikari.HikariDataSource","message":"HikariPool-3 - Starting...","context":"default","appVersion":"MISSING_APP_VERSION"}
{"timestamp":"2021-05-31T13:11:38.344Z","level":"INFO","thread":"Test worker","logger":"com.zaxxer.hikari.HikariDataSource","message":"HikariPool-3 - Start completed.","context":"default","appVersion":"MISSING_APP_VERSION"}
{"timestamp":"2021-05-31T13:11:38.397Z","level":"INFO","thread":"DefaultDispatcher-worker-1 @request#4","logger":"ktor.test","message":"404 Not Found: GET - /v1/shortened/xxxxxx","context":"default","appVersion":"MISSING_APP_VERSION"}
{"timestamp":"2021-05-31T13:11:38.433Z","level":"INFO","thread":"Test worker","logger":"ktor.test","message":"Application stopping: io.ktor.application.Application@29a483af","context":"default","appVersion":"MISSING_APP_VERSION"}
{"timestamp":"2021-05-31T13:11:38.433Z","level":"INFO","thread":"Test worker","logger":"ktor.test","message":"Application stopped: io.ktor.application.Application@29a483af","context":"default","appVersion":"MISSING_APP_VERSION"}
]]></system-out>
  <system-err><![CDATA[]]></system-err>
</testsuite>
